0 info it worked if it ends with ok
1 verbose cli [ '/home/ubuntu/.nvm/versions/node/v4.4.3/bin/node',
1 verbose cli   '/home/ubuntu/.nvm/versions/node/v4.4.3/bin/npm',
1 verbose cli   'install',
1 verbose cli   'zenity' ]
2 info using npm@2.15.1
3 info using node@v4.4.3
4 verbose install initial load of /home/ubuntu/workspace/package.json
5 verbose installManyTop reading scoped package data from /home/ubuntu/workspace/node_modules/async/package.json
6 verbose installManyTop reading scoped package data from /home/ubuntu/workspace/node_modules/bson/package.json
7 verbose installManyTop reading scoped package data from /home/ubuntu/workspace/node_modules/dialog/package.json
8 verbose installManyTop reading scoped package data from /home/ubuntu/workspace/node_modules/dotenv/package.json
9 verbose installManyTop reading scoped package data from /home/ubuntu/workspace/node_modules/gulp/package.json
10 verbose installManyTop reading scoped package data from /home/ubuntu/workspace/node_modules/gulp-jshint/package.json
11 verbose installManyTop reading scoped package data from /home/ubuntu/workspace/node_modules/gulp-shell/package.json
12 verbose installManyTop reading scoped package data from /home/ubuntu/workspace/node_modules/gulp-watch/package.json
13 verbose installManyTop reading scoped package data from /home/ubuntu/workspace/node_modules/jshint-stylish/package.json
14 verbose installManyTop reading scoped package data from /home/ubuntu/workspace/node_modules/keystone/package.json
15 verbose installManyTop reading scoped package data from /home/ubuntu/workspace/node_modules/underscore/package.json
16 info package.json dialog@0.1.8 No license field.
17 verbose readDependencies loading dependencies from /home/ubuntu/workspace/package.json
18 silly cache add args [ 'zenity', null ]
19 verbose cache add spec zenity
20 silly cache add parsed spec Result {
20 silly cache add   raw: 'zenity',
20 silly cache add   scope: null,
20 silly cache add   name: 'zenity',
20 silly cache add   rawSpec: '',
20 silly cache add   spec: 'latest',
20 silly cache add   type: 'tag' }
21 silly addNamed zenity@latest
22 verbose addNamed "latest" is being treated as a dist-tag for zenity
23 info addNameTag [ 'zenity', 'latest' ]
24 silly mapToRegistry name zenity
25 silly mapToRegistry using default registry
26 silly mapToRegistry registry https://registry.npmjs.org/
27 silly mapToRegistry data Result {
27 silly mapToRegistry   raw: 'zenity',
27 silly mapToRegistry   scope: null,
27 silly mapToRegistry   name: 'zenity',
27 silly mapToRegistry   rawSpec: '',
27 silly mapToRegistry   spec: 'latest',
27 silly mapToRegistry   type: 'tag' }
28 silly mapToRegistry uri https://registry.npmjs.org/zenity
29 verbose addNameTag registry:https://registry.npmjs.org/zenity not in flight; fetching
30 verbose request uri https://registry.npmjs.org/zenity
31 verbose request no auth needed
32 info attempt registry request try #1 at 7:49:37 PM
33 verbose request id 1a58568010ce3edd
34 http request GET https://registry.npmjs.org/zenity
35 http 404 https://registry.npmjs.org/zenity
36 verbose headers { 'content-type': 'application/json',
36 verbose headers   'cache-control': 'max-age=0',
36 verbose headers   'content-length': '2',
36 verbose headers   'accept-ranges': 'bytes',
36 verbose headers   date: 'Wed, 04 May 2016 19:49:37 GMT',
36 verbose headers   via: '1.1 varnish',
36 verbose headers   age: '0',
36 verbose headers   connection: 'keep-alive',
36 verbose headers   'x-served-by': 'cache-ord1720-ORD',
36 verbose headers   'x-cache': 'MISS',
36 verbose headers   'x-cache-hits': '0',
36 verbose headers   'x-timer': 'S1462391377.634175,VS0,VE129',
36 verbose headers   vary: 'Accept-Encoding' }
37 silly get cb [ 404,
37 silly get   { 'content-type': 'application/json',
37 silly get     'cache-control': 'max-age=0',
37 silly get     'content-length': '2',
37 silly get     'accept-ranges': 'bytes',
37 silly get     date: 'Wed, 04 May 2016 19:49:37 GMT',
37 silly get     via: '1.1 varnish',
37 silly get     age: '0',
37 silly get     connection: 'keep-alive',
37 silly get     'x-served-by': 'cache-ord1720-ORD',
37 silly get     'x-cache': 'MISS',
37 silly get     'x-cache-hits': '0',
37 silly get     'x-timer': 'S1462391377.634175,VS0,VE129',
37 silly get     vary: 'Accept-Encoding' } ]
38 verbose stack Error: Registry returned 404 for GET on https://registry.npmjs.org/zenity
38 verbose stack     at makeError (/home/ubuntu/.nvm/versions/node/v4.4.3/lib/node_modules/npm/node_modules/npm-registry-client/lib/request.js:264:12)
38 verbose stack     at CachingRegistryClient.<anonymous> (/home/ubuntu/.nvm/versions/node/v4.4.3/lib/node_modules/npm/node_modules/npm-registry-client/lib/request.js:242:14)
38 verbose stack     at Request._callback (/home/ubuntu/.nvm/versions/node/v4.4.3/lib/node_modules/npm/node_modules/npm-registry-client/lib/request.js:172:14)
38 verbose stack     at Request.self.callback (/home/ubuntu/.nvm/versions/node/v4.4.3/lib/node_modules/npm/node_modules/request/request.js:199:22)
38 verbose stack     at emitTwo (events.js:87:13)
38 verbose stack     at Request.emit (events.js:172:7)
38 verbose stack     at Request.<anonymous> (/home/ubuntu/.nvm/versions/node/v4.4.3/lib/node_modules/npm/node_modules/request/request.js:1036:10)
38 verbose stack     at emitOne (events.js:82:20)
38 verbose stack     at Request.emit (events.js:169:7)
38 verbose stack     at IncomingMessage.<anonymous> (/home/ubuntu/.nvm/versions/node/v4.4.3/lib/node_modules/npm/node_modules/request/request.js:963:12)
39 verbose statusCode 404
40 verbose pkgid zenity
41 verbose cwd /home/ubuntu/workspace
42 error Linux 4.2.0-c9
43 error argv "/home/ubuntu/.nvm/versions/node/v4.4.3/bin/node" "/home/ubuntu/.nvm/versions/node/v4.4.3/bin/npm" "install" "zenity"
44 error node v4.4.3
45 error npm  v2.15.1
46 error code E404
47 error 404 Registry returned 404 for GET on https://registry.npmjs.org/zenity
47 error 404
47 error 404 'zenity' is not in the npm registry.
47 error 404 You should bug the author to publish it (or use the name yourself!)
47 error 404 It was specified as a dependency of 'congo-red-dot'
47 error 404
47 error 404 Note that you can also install from a
47 error 404 tarball, folder, http url, or git url.
48 verbose exit [ 1, true ]
